{"__type":"$$EventMessageAudit","id":"31561cd0-b4da-406c-b673-9214c49631d8","ts":"2026-01-12T06:24:35.207+00:00","eventName":"n8n.audit.workflow.created","message":"n8n.audit.workflow.created","payload":{"userId":"6703257c-e236-4f91-8cb4-c7a4de8ab57b","_email":"nagulli1912@gmail.com","_firstName":"Nagul","_lastName":"K","globalRole":"global:owner","workflowId":"C9RpFb-fcqr5LEwDoDbXW","workflowName":"Finolens-Agent-Orchestrator"}}
{"__type":"$$EventMessageConfirm","confirm":"31561cd0-b4da-406c-b673-9214c49631d8","ts":"2026-01-12T06:24:35.207+00:00","source":{"id":"0","name":"eventBus"}}
{"__type":"$$EventMessageAudit","id":"23a91a4a-4a9b-47c7-9a61-2df1ef900f41","ts":"2026-01-12T06:58:49.378+00:00","eventName":"n8n.audit.workflow.updated","message":"n8n.audit.workflow.updated","payload":{"userId":"6703257c-e236-4f91-8cb4-c7a4de8ab57b","_email":"nagulli1912@gmail.com","_firstName":"Nagul","_lastName":"K","globalRole":"global:owner","workflowId":"C9RpFb-fcqr5LEwDoDbXW","workflowName":"Finolens-Agent-Orchestrator"}}
{"__type":"$$EventMessageConfirm","confirm":"23a91a4a-4a9b-47c7-9a61-2df1ef900f41","ts":"2026-01-12T06:58:49.379+00:00","source":{"id":"0","name":"eventBus"}}
{"__type":"$$EventMessageWorkflow","id":"8232c922-713e-4982-8d7d-198d4a7bbd58","ts":"2026-01-12T02:00:57.096-05:00","eventName":"n8n.workflow.started","message":"n8n.workflow.started","payload":{"executionId":"1","workflowId":"C9RpFb-fcqr5LEwDoDbXW","isManual":false,"workflowName":"Finolens-Agent-Orchestrator"}}
{"__type":"$$EventMessageConfirm","confirm":"8232c922-713e-4982-8d7d-198d4a7bbd58","ts":"2026-01-12T02:00:57.096-05:00","source":{"id":"0","name":"eventBus"}}
{"__type":"$$EventMessageNode","id":"8eda71b4-c204-4343-a499-a6ca3c3d6f12","ts":"2026-01-12T02:00:57.097-05:00","eventName":"n8n.node.started","message":"n8n.node.started","payload":{"workflowId":"C9RpFb-fcqr5LEwDoDbXW","workflowName":"Finolens-Agent-Orchestrator","executionId":"1","nodeType":"n8n-nodes-base.webhook","nodeName":"Webhook","nodeId":"be686853-ee4a-46bb-95c9-438fef624ec9"}}
{"__type":"$$EventMessageConfirm","confirm":"8eda71b4-c204-4343-a499-a6ca3c3d6f12","ts":"2026-01-12T02:00:57.097-05:00","source":{"id":"0","name":"eventBus"}}
{"__type":"$$EventMessageNode","id":"e6b82aba-7465-4a87-8be5-51d6e75a7422","ts":"2026-01-12T02:00:57.099-05:00","eventName":"n8n.node.finished","message":"n8n.node.finished","payload":{"workflowId":"C9RpFb-fcqr5LEwDoDbXW","workflowName":"Finolens-Agent-Orchestrator","executionId":"1","nodeType":"n8n-nodes-base.webhook","nodeName":"Webhook","nodeId":"be686853-ee4a-46bb-95c9-438fef624ec9"}}
{"__type":"$$EventMessageConfirm","confirm":"e6b82aba-7465-4a87-8be5-51d6e75a7422","ts":"2026-01-12T02:00:57.099-05:00","source":{"id":"0","name":"eventBus"}}
{"__type":"$$EventMessageNode","id":"4939457b-2638-4d60-b07e-ade085a3a6fb","ts":"2026-01-12T02:00:57.100-05:00","eventName":"n8n.node.started","message":"n8n.node.started","payload":{"workflowId":"C9RpFb-fcqr5LEwDoDbXW","workflowName":"Finolens-Agent-Orchestrator","executionId":"1","nodeType":"n8n-nodes-base.code","nodeName":"Code in JavaScript","nodeId":"29f77c00-ad19-42a3-a839-f8b1c6f360de"}}
{"__type":"$$EventMessageConfirm","confirm":"4939457b-2638-4d60-b07e-ade085a3a6fb","ts":"2026-01-12T02:00:57.100-05:00","source":{"id":"0","name":"eventBus"}}
{"__type":"$$EventMessageRunner","id":"6d8ff06c-8cc8-457a-b86c-f8610d74b0d0","ts":"2026-01-12T02:00:57.104-05:00","eventName":"n8n.runner.task.requested","message":"n8n.runner.task.requested","payload":{"taskId":"4A5N69nW","nodeId":"29f77c00-ad19-42a3-a839-f8b1c6f360de","workflowId":"C9RpFb-fcqr5LEwDoDbXW","executionId":"1"}}
{"__type":"$$EventMessageConfirm","confirm":"6d8ff06c-8cc8-457a-b86c-f8610d74b0d0","ts":"2026-01-12T02:00:57.104-05:00","source":{"id":"0","name":"eventBus"}}
{"__type":"$$EventMessageRunner","id":"5ab9290b-b146-487d-aed3-39532140db4c","ts":"2026-01-12T02:00:57.148-05:00","eventName":"n8n.runner.response.received","message":"n8n.runner.response.received","payload":{"taskId":"4A5N69nW","nodeId":"29f77c00-ad19-42a3-a839-f8b1c6f360de","workflowId":"C9RpFb-fcqr5LEwDoDbXW","executionId":"1"}}
{"__type":"$$EventMessageConfirm","confirm":"5ab9290b-b146-487d-aed3-39532140db4c","ts":"2026-01-12T02:00:57.148-05:00","source":{"id":"0","name":"eventBus"}}
{"__type":"$$EventMessageNode","id":"ddee7992-17e8-4045-b0e5-22ff0b69305f","ts":"2026-01-12T02:00:57.149-05:00","eventName":"n8n.node.finished","message":"n8n.node.finished","payload":{"workflowId":"C9RpFb-fcqr5LEwDoDbXW","workflowName":"Finolens-Agent-Orchestrator","executionId":"1","nodeType":"n8n-nodes-base.code","nodeName":"Code in JavaScript","nodeId":"29f77c00-ad19-42a3-a839-f8b1c6f360de"}}
{"__type":"$$EventMessageConfirm","confirm":"ddee7992-17e8-4045-b0e5-22ff0b69305f","ts":"2026-01-12T02:00:57.149-05:00","source":{"id":"0","name":"eventBus"}}
{"__type":"$$EventMessageNode","id":"1ea8720d-716b-4bea-8ab1-c06dc328bffb","ts":"2026-01-12T02:00:57.150-05:00","eventName":"n8n.node.started","message":"n8n.node.started","payload":{"workflowId":"C9RpFb-fcqr5LEwDoDbXW","workflowName":"Finolens-Agent-Orchestrator","executionId":"1","nodeType":"n8n-nodes-base.code","nodeName":"Code in JavaScript1","nodeId":"6949cfc3-1ca9-4113-bb4b-7382328d7d19"}}
{"__type":"$$EventMessageConfirm","confirm":"1ea8720d-716b-4bea-8ab1-c06dc328bffb","ts":"2026-01-12T02:00:57.150-05:00","source":{"id":"0","name":"eventBus"}}
{"__type":"$$EventMessageRunner","id":"3f734057-440a-4e12-b9d6-2b210492456c","ts":"2026-01-12T02:00:57.151-05:00","eventName":"n8n.runner.task.requested","message":"n8n.runner.task.requested","payload":{"taskId":"G8S8Mlb0","nodeId":"6949cfc3-1ca9-4113-bb4b-7382328d7d19","workflowId":"C9RpFb-fcqr5LEwDoDbXW","executionId":"1"}}
{"__type":"$$EventMessageConfirm","confirm":"3f734057-440a-4e12-b9d6-2b210492456c","ts":"2026-01-12T02:00:57.151-05:00","source":{"id":"0","name":"eventBus"}}
{"__type":"$$EventMessageRunner","id":"9df9908c-5bee-486e-bae1-817f0d0e3b4f","ts":"2026-01-12T02:00:57.156-05:00","eventName":"n8n.runner.response.received","message":"n8n.runner.response.received","payload":{"taskId":"G8S8Mlb0","nodeId":"6949cfc3-1ca9-4113-bb4b-7382328d7d19","workflowId":"C9RpFb-fcqr5LEwDoDbXW","executionId":"1"}}
{"__type":"$$EventMessageConfirm","confirm":"9df9908c-5bee-486e-bae1-817f0d0e3b4f","ts":"2026-01-12T02:00:57.156-05:00","source":{"id":"0","name":"eventBus"}}
{"__type":"$$EventMessageNode","id":"3ebb65d4-d7ef-487f-989b-e795cfa23cbe","ts":"2026-01-12T02:00:57.157-05:00","eventName":"n8n.node.finished","message":"n8n.node.finished","payload":{"workflowId":"C9RpFb-fcqr5LEwDoDbXW","workflowName":"Finolens-Agent-Orchestrator","executionId":"1","nodeType":"n8n-nodes-base.code","nodeName":"Code in JavaScript1","nodeId":"6949cfc3-1ca9-4113-bb4b-7382328d7d19"}}
{"__type":"$$EventMessageConfirm","confirm":"3ebb65d4-d7ef-487f-989b-e795cfa23cbe","ts":"2026-01-12T02:00:57.157-05:00","source":{"id":"0","name":"eventBus"}}
{"__type":"$$EventMessageNode","id":"6a62614e-8adb-44cb-b236-75d6be992d3a","ts":"2026-01-12T02:00:57.159-05:00","eventName":"n8n.node.started","message":"n8n.node.started","payload":{"workflowId":"C9RpFb-fcqr5LEwDoDbXW","workflowName":"Finolens-Agent-Orchestrator","executionId":"1","nodeType":"n8n-nodes-base.code","nodeName":"Code in JavaScript2","nodeId":"96ea8310-1dba-46d1-bf4d-26c443bd9a53"}}
{"__type":"$$EventMessageConfirm","confirm":"6a62614e-8adb-44cb-b236-75d6be992d3a","ts":"2026-01-12T02:00:57.159-05:00","source":{"id":"0","name":"eventBus"}}
{"__type":"$$EventMessageNode","id":"978439c5-07d5-4587-8c20-6371ee1920c7","ts":"2026-01-12T02:00:57.159-05:00","eventName":"n8n.node.finished","message":"n8n.node.finished","payload":{"workflowId":"C9RpFb-fcqr5LEwDoDbXW","workflowName":"Finolens-Agent-Orchestrator","executionId":"1","nodeType":"n8n-nodes-base.code","nodeName":"Code in JavaScript2","nodeId":"96ea8310-1dba-46d1-bf4d-26c443bd9a53"}}
{"__type":"$$EventMessageConfirm","confirm":"978439c5-07d5-4587-8c20-6371ee1920c7","ts":"2026-01-12T02:00:57.159-05:00","source":{"id":"0","name":"eventBus"}}
{"__type":"$$EventMessageNode","id":"95cd0f8a-ecee-4a1d-afd5-ff3e23393dbf","ts":"2026-01-12T02:00:57.160-05:00","eventName":"n8n.node.started","message":"n8n.node.started","payload":{"workflowId":"C9RpFb-fcqr5LEwDoDbXW","workflowName":"Finolens-Agent-Orchestrator","executionId":"1","nodeType":"n8n-nodes-base.code","nodeName":"Code in JavaScript3","nodeId":"5e593354-6e90-4d0d-87b8-f3d8d55c8158"}}
{"__type":"$$EventMessageConfirm","confirm":"95cd0f8a-ecee-4a1d-afd5-ff3e23393dbf","ts":"2026-01-12T02:00:57.160-05:00","source":{"id":"0","name":"eventBus"}}
{"__type":"$$EventMessageRunner","id":"a9663780-ff24-4692-baeb-3df4c93763d0","ts":"2026-01-12T02:00:57.161-05:00","eventName":"n8n.runner.task.requested","message":"n8n.runner.task.requested","payload":{"taskId":"bnZZEquX","nodeId":"5e593354-6e90-4d0d-87b8-f3d8d55c8158","workflowId":"C9RpFb-fcqr5LEwDoDbXW","executionId":"1"}}
{"__type":"$$EventMessageConfirm","confirm":"a9663780-ff24-4692-baeb-3df4c93763d0","ts":"2026-01-12T02:00:57.161-05:00","source":{"id":"0","name":"eventBus"}}
{"__type":"$$EventMessageRunner","id":"86972f18-ec7b-48f3-afb5-e76a7f35eada","ts":"2026-01-12T02:00:57.165-05:00","eventName":"n8n.runner.response.received","message":"n8n.runner.response.received","payload":{"taskId":"bnZZEquX","nodeId":"5e593354-6e90-4d0d-87b8-f3d8d55c8158","workflowId":"C9RpFb-fcqr5LEwDoDbXW","executionId":"1"}}
{"__type":"$$EventMessageConfirm","confirm":"86972f18-ec7b-48f3-afb5-e76a7f35eada","ts":"2026-01-12T02:00:57.166-05:00","source":{"id":"0","name":"eventBus"}}
{"__type":"$$EventMessageNode","id":"e1670cc0-4886-48b3-b62b-14aa53d68d19","ts":"2026-01-12T02:00:57.166-05:00","eventName":"n8n.node.finished","message":"n8n.node.finished","payload":{"workflowId":"C9RpFb-fcqr5LEwDoDbXW","workflowName":"Finolens-Agent-Orchestrator","executionId":"1","nodeType":"n8n-nodes-base.code","nodeName":"Code in JavaScript3","nodeId":"5e593354-6e90-4d0d-87b8-f3d8d55c8158"}}
{"__type":"$$EventMessageConfirm","confirm":"e1670cc0-4886-48b3-b62b-14aa53d68d19","ts":"2026-01-12T02:00:57.166-05:00","source":{"id":"0","name":"eventBus"}}
{"__type":"$$EventMessageNode","id":"dd5a65b1-e1f3-4d9f-ac0a-13cf50832ede","ts":"2026-01-12T02:00:57.166-05:00","eventName":"n8n.node.started","message":"n8n.node.started","payload":{"workflowId":"C9RpFb-fcqr5LEwDoDbXW","workflowName":"Finolens-Agent-Orchestrator","executionId":"1","nodeType":"n8n-nodes-base.if","nodeName":"If","nodeId":"962dca7d-1f09-4108-9f36-274a4c51373d"}}
{"__type":"$$EventMessageConfirm","confirm":"dd5a65b1-e1f3-4d9f-ac0a-13cf50832ede","ts":"2026-01-12T02:00:57.166-05:00","source":{"id":"0","name":"eventBus"}}
{"__type":"$$EventMessageNode","id":"1d957d27-4fd9-44fe-ad0b-37ea1f3aefe3","ts":"2026-01-12T02:00:57.171-05:00","eventName":"n8n.node.finished","message":"n8n.node.finished","payload":{"workflowId":"C9RpFb-fcqr5LEwDoDbXW","workflowName":"Finolens-Agent-Orchestrator","executionId":"1","nodeType":"n8n-nodes-base.if","nodeName":"If","nodeId":"962dca7d-1f09-4108-9f36-274a4c51373d"}}
{"__type":"$$EventMessageConfirm","confirm":"1d957d27-4fd9-44fe-ad0b-37ea1f3aefe3","ts":"2026-01-12T02:00:57.171-05:00","source":{"id":"0","name":"eventBus"}}
{"__type":"$$EventMessageWorkflow","id":"74a6ea6c-d515-402a-a580-718a358da399","ts":"2026-01-12T02:00:57.175-05:00","eventName":"n8n.workflow.success","message":"n8n.workflow.success","payload":{"executionId":"1","success":true,"isManual":true,"workflowId":"C9RpFb-fcqr5LEwDoDbXW","workflowName":"Finolens-Agent-Orchestrator"}}
{"__type":"$$EventMessageConfirm","confirm":"74a6ea6c-d515-402a-a580-718a358da399","ts":"2026-01-12T02:00:57.175-05:00","source":{"id":"0","name":"eventBus"}}
